{
  "stats": {
    "suites": 0,
    "tests": 1,
    "passes": 1,
    "pending": 0,
    "failures": 0,
    "start": "2021-03-05T05:12:39.957Z",
    "end": "2021-03-05T05:13:07.245Z",
    "duration": 27288,
    "testsRegistered": 1,
    "passPercent": 100,
    "pendingPercent": 0,
    "other": 0,
    "hasOther": false,
    "skipped": 0,
    "hasSkipped": false
  },
  "results": [
    {
      "uuid": "97401d8a-1889-4af0-a4d0-d37717f5e9af",
      "title": "",
      "fullFile": "cypress\\integration\\basic.ts",
      "file": "cypress\\integration\\basic.ts",
      "beforeHooks": [],
      "afterHooks": [],
      "tests": [
        {
          "title": "assertion demo",
          "fullTitle": "assertion demo",
          "timedOut": null,
          "duration": 24177,
          "state": "passed",
          "speed": "slow",
          "pass": true,
          "fail": false,
          "pending": false,
          "context": null,
          "code": "cy.log('Start');\ncy.visit('https://example.cypress.io/');\ncy.contains('get').click();\ncy.get('#query-btn').should('contain', 'Button');\n// should('have.class','query-btn').should('be.visible').should('be.enabled')\n// cy.get('#query-btn').invoke('attr','id').should('equal','query-btn')\n// cy.get('#query-btn').should('contain','button').and('have.class','query-btn')\nexpect(true).to.be.true;\nvar name = 'cypress';\nexpect(name).to.be.equal('cypress');\nassert.equal(4, 4, \"Not Equal\");",
          "err": {},
          "uuid": "08ddfa59-dfcd-4d3b-83e6-42373cddf9a7",
          "parentUUID": "97401d8a-1889-4af0-a4d0-d37717f5e9af",
          "isHook": false,
          "skipped": false
        }
      ],
      "suites": [],
      "passes": [
        "08ddfa59-dfcd-4d3b-83e6-42373cddf9a7"
      ],
      "failures": [],
      "pending": [],
      "skipped": [],
      "duration": 24177,
      "root": true,
      "rootEmpty": false,
      "_timeout": 2000
    }
  ],
  "meta": {
    "mocha": {
      "version": "7.0.1"
    },
    "mochawesome": {
      "options": {
        "quiet": false,
        "reportFilename": "mochawesome",
        "saveHtml": false,
        "saveJson": true,
        "consoleReporter": "spec",
        "useInlineDiffs": false,
        "code": true
      },
      "version": "6.2.2"
    },
    "marge": {
      "options": {
        "reportDir": "cypress/results/json",
        "overwrite": false,
        "html": false,
        "json": true
      },
      "version": "5.2.0"
    }
  }
}