{
  "stats": {
    "suites": 1,
    "tests": 2,
    "passes": 2,
    "pending": 0,
    "failures": 0,
    "start": "2021-03-05T05:13:17.270Z",
    "end": "2021-03-05T05:13:23.385Z",
    "duration": 6115,
    "testsRegistered": 2,
    "passPercent": 100,
    "pendingPercent": 0,
    "other": 0,
    "hasOther": false,
    "skipped": 0,
    "hasSkipped": false
  },
  "results": [
    {
      "uuid": "2298d2c9-822a-4b9a-bea1-ad1d769f4da8",
      "title": "",
      "fullFile": "cypress\\integration\\login.ts",
      "file": "cypress\\integration\\login.ts",
      "beforeHooks": [],
      "afterHooks": [],
      "tests": [],
      "suites": [
        {
          "uuid": "e2294b4c-236c-4e5d-b2fe-ebf7e685f11f",
          "title": "All login tests",
          "fullFile": "",
          "file": "",
          "beforeHooks": [],
          "afterHooks": [],
          "tests": [
            {
              "title": "login test",
              "fullTitle": "All login tests login test",
              "timedOut": null,
              "duration": 1846,
              "state": "passed",
              "speed": "slow",
              "pass": true,
              "fail": false,
              "pending": false,
              "context": null,
              "code": "// loginPage.navigate('https://trytestingthis.netlify.app/')\nloginPage.loginWithValidCredentials('test', 'test');\n// loginPage.enterUsername('test')\n// loginPage.enterPassword('test')\n// loginPage.clickLogin()\n// cy.visit('https://trytestingthis.netlify.app/')\n// cy.get('#uname').type('test')\n// cy.get('#pwd').type('test')\n// cy.get('[type=\"submit\"').click()\n// cy.contains('Login Successful')",
              "err": {},
              "uuid": "99d3dc6d-1e5c-4721-a163-70870b45957a",
              "parentUUID": "e2294b4c-236c-4e5d-b2fe-ebf7e685f11f",
              "isHook": false,
              "skipped": false
            },
            {
              "title": "login test - invalid creds",
              "fullTitle": "All login tests login test - invalid creds",
              "timedOut": null,
              "duration": 1426,
              "state": "passed",
              "speed": "slow",
              "pass": true,
              "fail": false,
              "pending": false,
              "context": null,
              "code": "// loginPage.navigate('https://trytestingthis.netlify.app/')\nloginPage.loginWithInvalidCredentials('abc', '123');",
              "err": {},
              "uuid": "a24662d9-ee18-433d-bbe0-1c7d559f616c",
              "parentUUID": "e2294b4c-236c-4e5d-b2fe-ebf7e685f11f",
              "isHook": false,
              "skipped": false
            }
          ],
          "suites": [],
          "passes": [
            "99d3dc6d-1e5c-4721-a163-70870b45957a",
            "a24662d9-ee18-433d-bbe0-1c7d559f616c"
          ],
          "failures": [],
          "pending": [],
          "skipped": [],
          "duration": 3272,
          "root": false,
          "rootEmpty": false,
          "_timeout": 2000
        }
      ],
      "passes": [],
      "failures": [],
      "pending": [],
      "skipped": [],
      "duration": 0,
      "root": true,
      "rootEmpty": true,
      "_timeout": 2000
    }
  ],
  "meta": {
    "mocha": {
      "version": "7.0.1"
    },
    "mochawesome": {
      "options": {
        "quiet": false,
        "reportFilename": "mochawesome",
        "saveHtml": false,
        "saveJson": true,
        "consoleReporter": "spec",
        "useInlineDiffs": false,
        "code": true
      },
      "version": "6.2.2"
    },
    "marge": {
      "options": {
        "reportDir": "cypress/results/json",
        "overwrite": false,
        "html": false,
        "json": true
      },
      "version": "5.2.0"
    }
  }
}