{
  "stats": {
    "suites": 1,
    "tests": 6,
    "passes": 6,
    "pending": 0,
    "failures": 0,
    "start": "2021-03-05T05:52:59.028Z",
    "end": "2021-03-05T05:53:02.770Z",
    "duration": 3742,
    "testsRegistered": 6,
    "passPercent": 100,
    "pendingPercent": 0,
    "other": 0,
    "hasOther": false,
    "skipped": 0,
    "hasSkipped": false
  },
  "results": [
    {
      "uuid": "4633ae53-29b5-4faa-b731-5a8ebb100ae8",
      "title": "",
      "fullFile": "cypress\\integration\\api\\api_test_1.spec.js",
      "file": "cypress\\integration\\api\\api_test_1.spec.js",
      "beforeHooks": [],
      "afterHooks": [],
      "tests": [],
      "suites": [
        {
          "uuid": "ce505391-4106-4dc6-99cc-17bf00b7076e",
          "title": "All api tests",
          "fullFile": "",
          "file": "",
          "beforeHooks": [],
          "afterHooks": [],
          "tests": [
            {
              "title": "GET 1",
              "fullTitle": "All api tests GET 1",
              "timedOut": null,
              "duration": 831,
              "state": "passed",
              "speed": "slow",
              "pass": true,
              "fail": false,
              "pending": false,
              "context": null,
              "code": "cy.request('GET', '/users?page=2').then(function (response) {\n  expect(response).to.have.property('status', 200);\n  expect(response.status).to.equal(200);\n  expect(response.body).not.to.be[\"null\"];\n  expect(response.body).to.have.property('page', 2);\n  expect(response.body.data).to.have.length(6);\n});",
              "err": {},
              "uuid": "c2f0663f-e04b-40de-b10e-ec65daae86ea",
              "parentUUID": "ce505391-4106-4dc6-99cc-17bf00b7076e",
              "isHook": false,
              "skipped": false
            },
            {
              "title": "GET 2",
              "fullTitle": "All api tests GET 2",
              "timedOut": null,
              "duration": 193,
              "state": "passed",
              "speed": "slow",
              "pass": true,
              "fail": false,
              "pending": false,
              "context": null,
              "code": "cy.request('GET', '/users?page=2').as('user_list');\ncy.get('@user_list').should(function (response) {\n  expect(response).to.have.property('status', 200);\n  expect(response.status).to.equal(200);\n  expect(response.body).not.be[\"null\"];\n  expect(response.body).to.have.property('page', 2);\n  expect(response.body.data).to.have.length(6);\n});",
              "err": {},
              "uuid": "d308abba-ffde-4106-b685-80de34a990fd",
              "parentUUID": "ce505391-4106-4dc6-99cc-17bf00b7076e",
              "isHook": false,
              "skipped": false
            },
            {
              "title": "Get 3",
              "fullTitle": "All api tests Get 3",
              "timedOut": null,
              "duration": 184,
              "state": "passed",
              "speed": "slow",
              "pass": true,
              "fail": false,
              "pending": false,
              "context": null,
              "code": "cy.request({\n  'method': 'GET',\n  'url': '/users?page=2'\n}).then(function (response) {\n  expect(response).to.have.property('status', 200);\n  expect(response.status).to.equal(200);\n  expect(response.body).not.be[\"null\"];\n  expect(response.body).to.have.property('page', 2);\n  expect(response.body.data).to.have.length(6);\n});",
              "err": {},
              "uuid": "131b752a-9530-4133-9c84-d996d13eb93a",
              "parentUUID": "ce505391-4106-4dc6-99cc-17bf00b7076e",
              "isHook": false,
              "skipped": false
            },
            {
              "title": "POST 4",
              "fullTitle": "All api tests POST 4",
              "timedOut": null,
              "duration": 625,
              "state": "passed",
              "speed": "slow",
              "pass": true,
              "fail": false,
              "pending": false,
              "context": null,
              "code": "cy.request({\n  'method': 'POST',\n  'url': '/users',\n  body: {\n    \"name\": \"Raghav\",\n    \"job\": \"Teacher\"\n  }\n}).then(function (response) {\n  expect(response).to.have.property('status', 201);\n  expect(response.status).to.equal(201);\n  expect(response.body).not.to.be[\"null\"];\n});",
              "err": {},
              "uuid": "fb0e4702-ed5c-48e9-9de2-6ff8d22de968",
              "parentUUID": "ce505391-4106-4dc6-99cc-17bf00b7076e",
              "isHook": false,
              "skipped": false
            },
            {
              "title": "PUT",
              "fullTitle": "All api tests PUT",
              "timedOut": null,
              "duration": 600,
              "state": "passed",
              "speed": "slow",
              "pass": true,
              "fail": false,
              "pending": false,
              "context": null,
              "code": "cy.request({\n  'method': 'PUT',\n  'url': '/users/2',\n  body: {\n    \"name\": \"John\",\n    \"job\": \"Engineer\"\n  }\n}).then(function (response) {\n  expect(response).to.have.property('status', 200);\n  expect(response.status).to.equal(200);\n  expect(response.body).not.to.be[\"null\"];\n});",
              "err": {},
              "uuid": "3e61ea02-60a9-418c-82d4-71e3027369aa",
              "parentUUID": "ce505391-4106-4dc6-99cc-17bf00b7076e",
              "isHook": false,
              "skipped": false
            },
            {
              "title": "DELETE 1",
              "fullTitle": "All api tests DELETE 1",
              "timedOut": null,
              "duration": 1234,
              "state": "passed",
              "speed": "slow",
              "pass": true,
              "fail": false,
              "pending": false,
              "context": null,
              "code": "cy.request({\n  'method': 'DELETE',\n  'url': '/users/2'\n}).then(function (response) {\n  expect(response).to.have.property('status', 204);\n  expect(response.status).to.equal(204);\n  expect(response.body).not.to.be[\"null\"];\n});",
              "err": {},
              "uuid": "e94b7fb9-ffd1-4bd0-9ef8-7bc635da1d21",
              "parentUUID": "ce505391-4106-4dc6-99cc-17bf00b7076e",
              "isHook": false,
              "skipped": false
            }
          ],
          "suites": [],
          "passes": [
            "c2f0663f-e04b-40de-b10e-ec65daae86ea",
            "d308abba-ffde-4106-b685-80de34a990fd",
            "131b752a-9530-4133-9c84-d996d13eb93a",
            "fb0e4702-ed5c-48e9-9de2-6ff8d22de968",
            "3e61ea02-60a9-418c-82d4-71e3027369aa",
            "e94b7fb9-ffd1-4bd0-9ef8-7bc635da1d21"
          ],
          "failures": [],
          "pending": [],
          "skipped": [],
          "duration": 3667,
          "root": false,
          "rootEmpty": false,
          "_timeout": 2000
        }
      ],
      "passes": [],
      "failures": [],
      "pending": [],
      "skipped": [],
      "duration": 0,
      "root": true,
      "rootEmpty": true,
      "_timeout": 2000
    }
  ],
  "meta": {
    "mocha": {
      "version": "7.0.1"
    },
    "mochawesome": {
      "options": {
        "quiet": false,
        "reportFilename": "mochawesome",
        "saveHtml": false,
        "saveJson": true,
        "consoleReporter": "spec",
        "useInlineDiffs": false,
        "code": true
      },
      "version": "6.2.2"
    },
    "marge": {
      "options": {
        "reportDir": "cypress/results/json",
        "overwrite": false,
        "html": false,
        "json": true
      },
      "version": "5.2.0"
    }
  }
}