{
  "stats": {
    "suites": 1,
    "tests": 3,
    "passes": 3,
    "pending": 0,
    "failures": 0,
    "start": "2021-03-05T05:13:29.875Z",
    "end": "2021-03-05T05:13:30.124Z",
    "duration": 249,
    "testsRegistered": 3,
    "passPercent": 100,
    "pendingPercent": 0,
    "other": 0,
    "hasOther": false,
    "skipped": 0,
    "hasSkipped": false
  },
  "results": [
    {
      "uuid": "e9cebd1b-8c66-40ff-8ad5-fecda78b62e1",
      "title": "",
      "fullFile": "cypress\\integration\\ReadWriteFile.Spec.ts",
      "file": "cypress\\integration\\ReadWriteFile.Spec.ts",
      "beforeHooks": [],
      "afterHooks": [],
      "tests": [],
      "suites": [
        {
          "uuid": "ba076d00-d366-4328-b501-a3d9c22fa167",
          "title": "Read write file demo",
          "fullFile": "",
          "file": "",
          "beforeHooks": [],
          "afterHooks": [],
          "tests": [
            {
              "title": "read file ",
              "fullTitle": "Read write file demo read file ",
              "timedOut": null,
              "duration": 107,
              "state": "passed",
              "speed": "slow",
              "pass": true,
              "fail": false,
              "pending": false,
              "context": null,
              "code": "cy.fixture('example.json').its('name').should('eq', 'cypress');\ncy.log(this.data.name);\ncy.log(this.data.email);",
              "err": {},
              "uuid": "011d7a46-ba6e-4469-886b-f13c83532f82",
              "parentUUID": "ba076d00-d366-4328-b501-a3d9c22fa167",
              "isHook": false,
              "skipped": false
            },
            {
              "title": "Read file using ReadFFile cmd",
              "fullTitle": "Read write file demo Read file using ReadFFile cmd",
              "timedOut": null,
              "duration": 44,
              "state": "passed",
              "speed": "medium",
              "pass": true,
              "fail": false,
              "pending": false,
              "context": null,
              "code": "cy.readFile('./cypress/fixtures/example.json').its('name').should('eq', 'cypress');",
              "err": {},
              "uuid": "7e386864-6342-4666-84d5-76e7a8d9e284",
              "parentUUID": "ba076d00-d366-4328-b501-a3d9c22fa167",
              "isHook": false,
              "skipped": false
            },
            {
              "title": "Write file demo",
              "fullTitle": "Read write file demo Write file demo",
              "timedOut": null,
              "duration": 33,
              "state": "passed",
              "speed": "fast",
              "pass": true,
              "fail": false,
              "pending": false,
              "context": null,
              "code": "cy.writeFile('sample.txt', 'Hello i am learning cypress');\ncy.writeFile('sample.txt', '\\n learn cypress', { flag: 'a+' });",
              "err": {},
              "uuid": "ed499447-2335-45f6-8105-f58e3a871c67",
              "parentUUID": "ba076d00-d366-4328-b501-a3d9c22fa167",
              "isHook": false,
              "skipped": false
            }
          ],
          "suites": [],
          "passes": [
            "011d7a46-ba6e-4469-886b-f13c83532f82",
            "7e386864-6342-4666-84d5-76e7a8d9e284",
            "ed499447-2335-45f6-8105-f58e3a871c67"
          ],
          "failures": [],
          "pending": [],
          "skipped": [],
          "duration": 184,
          "root": false,
          "rootEmpty": false,
          "_timeout": 2000
        }
      ],
      "passes": [],
      "failures": [],
      "pending": [],
      "skipped": [],
      "duration": 0,
      "root": true,
      "rootEmpty": true,
      "_timeout": 2000
    }
  ],
  "meta": {
    "mocha": {
      "version": "7.0.1"
    },
    "mochawesome": {
      "options": {
        "quiet": false,
        "reportFilename": "mochawesome",
        "saveHtml": false,
        "saveJson": true,
        "consoleReporter": "spec",
        "useInlineDiffs": false,
        "code": true
      },
      "version": "6.2.2"
    },
    "marge": {
      "options": {
        "reportDir": "cypress/results/json",
        "overwrite": false,
        "html": false,
        "json": true
      },
      "version": "5.2.0"
    }
  }
}