{
  "stats": {
    "suites": 1,
    "tests": 6,
    "passes": 6,
    "pending": 0,
    "failures": 0,
    "start": "2021-03-05T05:12:14.332Z",
    "end": "2021-03-05T05:12:17.497Z",
    "duration": 3165,
    "testsRegistered": 6,
    "passPercent": 100,
    "pendingPercent": 0,
    "other": 0,
    "hasOther": false,
    "skipped": 0,
    "hasSkipped": false
  },
  "results": [
    {
      "uuid": "1fc78de6-2cdc-4790-ad10-16dd2a8cff17",
      "title": "",
      "fullFile": "cypress\\integration\\api\\api_test_1.spec.js",
      "file": "cypress\\integration\\api\\api_test_1.spec.js",
      "beforeHooks": [],
      "afterHooks": [],
      "tests": [],
      "suites": [
        {
          "uuid": "22584f0c-19b8-44db-a80a-2db33b36813e",
          "title": "All api tests",
          "fullFile": "",
          "file": "",
          "beforeHooks": [],
          "afterHooks": [],
          "tests": [
            {
              "title": "GET 1",
              "fullTitle": "All api tests GET 1",
              "timedOut": null,
              "duration": 885,
              "state": "passed",
              "speed": "slow",
              "pass": true,
              "fail": false,
              "pending": false,
              "context": null,
              "code": "cy.request('GET', '/users?page=2').then(function (response) {\n  expect(response).to.have.property('status', 200);\n  expect(response.status).to.equal(200);\n  expect(response.body).not.to.be[\"null\"];\n  expect(response.body).to.have.property('page', 2);\n  expect(response.body.data).to.have.length(6);\n});",
              "err": {},
              "uuid": "da196d5c-dafd-4bb6-95a5-5e3dfb0ea58b",
              "parentUUID": "22584f0c-19b8-44db-a80a-2db33b36813e",
              "isHook": false,
              "skipped": false
            },
            {
              "title": "GET 2",
              "fullTitle": "All api tests GET 2",
              "timedOut": null,
              "duration": 234,
              "state": "passed",
              "speed": "slow",
              "pass": true,
              "fail": false,
              "pending": false,
              "context": null,
              "code": "cy.request('GET', '/users?page=2').as('user_list');\ncy.get('@user_list').should(function (response) {\n  expect(response).to.have.property('status', 200);\n  expect(response.status).to.equal(200);\n  expect(response.body).not.be[\"null\"];\n  expect(response.body).to.have.property('page', 2);\n  expect(response.body.data).to.have.length(6);\n});",
              "err": {},
              "uuid": "8cf331bf-67d6-4be8-a5a9-17f1e29a8064",
              "parentUUID": "22584f0c-19b8-44db-a80a-2db33b36813e",
              "isHook": false,
              "skipped": false
            },
            {
              "title": "Get 3",
              "fullTitle": "All api tests Get 3",
              "timedOut": null,
              "duration": 178,
              "state": "passed",
              "speed": "slow",
              "pass": true,
              "fail": false,
              "pending": false,
              "context": null,
              "code": "cy.request({\n  'method': 'GET',\n  'url': '/users?page=2'\n}).then(function (response) {\n  expect(response).to.have.property('status', 200);\n  expect(response.status).to.equal(200);\n  expect(response.body).not.be[\"null\"];\n  expect(response.body).to.have.property('page', 2);\n  expect(response.body.data).to.have.length(6);\n});",
              "err": {},
              "uuid": "a11897c5-6e55-46c3-b504-0fdd718aeb47",
              "parentUUID": "22584f0c-19b8-44db-a80a-2db33b36813e",
              "isHook": false,
              "skipped": false
            },
            {
              "title": "POST 4",
              "fullTitle": "All api tests POST 4",
              "timedOut": null,
              "duration": 611,
              "state": "passed",
              "speed": "slow",
              "pass": true,
              "fail": false,
              "pending": false,
              "context": null,
              "code": "cy.request({\n  'method': 'POST',\n  'url': '/users',\n  body: {\n    \"name\": \"Raghav\",\n    \"job\": \"Teacher\"\n  }\n}).then(function (response) {\n  expect(response).to.have.property('status', 201);\n  expect(response.status).to.equal(201);\n  expect(response.body).not.to.be[\"null\"];\n});",
              "err": {},
              "uuid": "7bbc3a64-d40f-44a5-a22d-a3fc9f44f9f1",
              "parentUUID": "22584f0c-19b8-44db-a80a-2db33b36813e",
              "isHook": false,
              "skipped": false
            },
            {
              "title": "PUT",
              "fullTitle": "All api tests PUT",
              "timedOut": null,
              "duration": 590,
              "state": "passed",
              "speed": "slow",
              "pass": true,
              "fail": false,
              "pending": false,
              "context": null,
              "code": "cy.request({\n  'method': 'PUT',\n  'url': '/users/2',\n  body: {\n    \"name\": \"John\",\n    \"job\": \"Engineer\"\n  }\n}).then(function (response) {\n  expect(response).to.have.property('status', 200);\n  expect(response.status).to.equal(200);\n  expect(response.body).not.to.be[\"null\"];\n});",
              "err": {},
              "uuid": "1fd96895-a967-41f1-837d-8934aa9abaff",
              "parentUUID": "22584f0c-19b8-44db-a80a-2db33b36813e",
              "isHook": false,
              "skipped": false
            },
            {
              "title": "DELETE 1",
              "fullTitle": "All api tests DELETE 1",
              "timedOut": null,
              "duration": 587,
              "state": "passed",
              "speed": "slow",
              "pass": true,
              "fail": false,
              "pending": false,
              "context": null,
              "code": "cy.request({\n  'method': 'DELETE',\n  'url': '/users/2'\n}).then(function (response) {\n  expect(response).to.have.property('status', 204);\n  expect(response.status).to.equal(204);\n  expect(response.body).not.to.be[\"null\"];\n});",
              "err": {},
              "uuid": "cea1bc21-a448-4715-b891-07d196efb03b",
              "parentUUID": "22584f0c-19b8-44db-a80a-2db33b36813e",
              "isHook": false,
              "skipped": false
            }
          ],
          "suites": [],
          "passes": [
            "da196d5c-dafd-4bb6-95a5-5e3dfb0ea58b",
            "8cf331bf-67d6-4be8-a5a9-17f1e29a8064",
            "a11897c5-6e55-46c3-b504-0fdd718aeb47",
            "7bbc3a64-d40f-44a5-a22d-a3fc9f44f9f1",
            "1fd96895-a967-41f1-837d-8934aa9abaff",
            "cea1bc21-a448-4715-b891-07d196efb03b"
          ],
          "failures": [],
          "pending": [],
          "skipped": [],
          "duration": 3085,
          "root": false,
          "rootEmpty": false,
          "_timeout": 2000
        }
      ],
      "passes": [],
      "failures": [],
      "pending": [],
      "skipped": [],
      "duration": 0,
      "root": true,
      "rootEmpty": true,
      "_timeout": 2000
    }
  ],
  "meta": {
    "mocha": {
      "version": "7.0.1"
    },
    "mochawesome": {
      "options": {
        "quiet": false,
        "reportFilename": "mochawesome",
        "saveHtml": false,
        "saveJson": true,
        "consoleReporter": "spec",
        "useInlineDiffs": false,
        "code": true
      },
      "version": "6.2.2"
    },
    "marge": {
      "options": {
        "reportDir": "cypress/results/json",
        "overwrite": false,
        "html": false,
        "json": true
      },
      "version": "5.2.0"
    }
  }
}