{
  "stats": {
    "suites": 0,
    "tests": 1,
    "passes": 1,
    "pending": 0,
    "failures": 0,
    "start": "2021-03-05T06:33:31.731Z",
    "end": "2021-03-05T06:33:38.844Z",
    "duration": 7113,
    "testsRegistered": 1,
    "passPercent": 100,
    "pendingPercent": 0,
    "other": 0,
    "hasOther": false,
    "skipped": 0,
    "hasSkipped": false
  },
  "results": [
    {
      "uuid": "9897732a-c299-4da6-95dc-54181bcc3223",
      "title": "",
      "fullFile": "cypress\\integration\\basic.ts",
      "file": "cypress\\integration\\basic.ts",
      "beforeHooks": [],
      "afterHooks": [],
      "tests": [
        {
          "title": "assertion demo",
          "fullTitle": "assertion demo",
          "timedOut": null,
          "duration": 3646,
          "state": "passed",
          "speed": "slow",
          "pass": true,
          "fail": false,
          "pending": false,
          "context": null,
          "code": "cy.log('Start');\ncy.visit('https://example.cypress.io/');\ncy.contains('get').click();\ncy.get('#query-btn').should('contain', 'Button');\n// should('have.class','query-btn').should('be.visible').should('be.enabled')\n// cy.get('#query-btn').invoke('attr','id').should('equal','query-btn')\n// cy.get('#query-btn').should('contain','button').and('have.class','query-btn')\nexpect(true).to.be.true;\nvar name = 'cypress';\nexpect(name).to.be.equal('cypress');\nassert.equal(4, 4, \"Not Equal\");",
          "err": {},
          "uuid": "63aafb7c-777e-4998-a875-09a581bac036",
          "parentUUID": "9897732a-c299-4da6-95dc-54181bcc3223",
          "isHook": false,
          "skipped": false
        }
      ],
      "suites": [],
      "passes": [
        "63aafb7c-777e-4998-a875-09a581bac036"
      ],
      "failures": [],
      "pending": [],
      "skipped": [],
      "duration": 3646,
      "root": true,
      "rootEmpty": false,
      "_timeout": 2000
    }
  ],
  "meta": {
    "mocha": {
      "version": "7.0.1"
    },
    "mochawesome": {
      "options": {
        "quiet": false,
        "reportFilename": "mochawesome",
        "saveHtml": false,
        "saveJson": true,
        "consoleReporter": "spec",
        "useInlineDiffs": false,
        "code": true
      },
      "version": "6.2.2"
    },
    "marge": {
      "options": {
        "reportDir": "cypress/results/json",
        "overwrite": false,
        "html": false,
        "json": true
      },
      "version": "5.2.0"
    }
  }
}