{
  "stats": {
    "suites": 1,
    "tests": 3,
    "passes": 3,
    "pending": 0,
    "failures": 0,
    "start": "2021-03-05T06:34:15.642Z",
    "end": "2021-03-05T06:34:15.795Z",
    "duration": 153,
    "testsRegistered": 3,
    "passPercent": 100,
    "pendingPercent": 0,
    "other": 0,
    "hasOther": false,
    "skipped": 0,
    "hasSkipped": false
  },
  "results": [
    {
      "uuid": "ab4d494d-3b51-4fc3-857b-39d4905b82a5",
      "title": "",
      "fullFile": "cypress\\integration\\ReadWriteFile.Spec.ts",
      "file": "cypress\\integration\\ReadWriteFile.Spec.ts",
      "beforeHooks": [],
      "afterHooks": [],
      "tests": [],
      "suites": [
        {
          "uuid": "57d8d18f-afcf-41f9-99dd-ab093b8d9934",
          "title": "Read write file demo",
          "fullFile": "",
          "file": "",
          "beforeHooks": [],
          "afterHooks": [],
          "tests": [
            {
              "title": "read file ",
              "fullTitle": "Read write file demo read file ",
              "timedOut": null,
              "duration": 62,
              "state": "passed",
              "speed": "medium",
              "pass": true,
              "fail": false,
              "pending": false,
              "context": null,
              "code": "cy.fixture('example.json').its('name').should('eq', 'cypress');\ncy.log(this.data.name);\ncy.log(this.data.email);",
              "err": {},
              "uuid": "771f032c-b9b3-4bab-aa5d-ae53519304aa",
              "parentUUID": "57d8d18f-afcf-41f9-99dd-ab093b8d9934",
              "isHook": false,
              "skipped": false
            },
            {
              "title": "Read file using ReadFFile cmd",
              "fullTitle": "Read write file demo Read file using ReadFFile cmd",
              "timedOut": null,
              "duration": 30,
              "state": "passed",
              "speed": "fast",
              "pass": true,
              "fail": false,
              "pending": false,
              "context": null,
              "code": "cy.readFile('./cypress/fixtures/example.json').its('name').should('eq', 'cypress');",
              "err": {},
              "uuid": "74ec4318-a815-4cbe-a2a7-05bfd22957e2",
              "parentUUID": "57d8d18f-afcf-41f9-99dd-ab093b8d9934",
              "isHook": false,
              "skipped": false
            },
            {
              "title": "Write file demo",
              "fullTitle": "Read write file demo Write file demo",
              "timedOut": null,
              "duration": 23,
              "state": "passed",
              "speed": "fast",
              "pass": true,
              "fail": false,
              "pending": false,
              "context": null,
              "code": "cy.writeFile('sample.txt', 'Hello i am learning cypress');\ncy.writeFile('sample.txt', '\\n learn cypress', { flag: 'a+' });",
              "err": {},
              "uuid": "ee9c60a8-c6be-4c5e-92cf-0658a78cb571",
              "parentUUID": "57d8d18f-afcf-41f9-99dd-ab093b8d9934",
              "isHook": false,
              "skipped": false
            }
          ],
          "suites": [],
          "passes": [
            "771f032c-b9b3-4bab-aa5d-ae53519304aa",
            "74ec4318-a815-4cbe-a2a7-05bfd22957e2",
            "ee9c60a8-c6be-4c5e-92cf-0658a78cb571"
          ],
          "failures": [],
          "pending": [],
          "skipped": [],
          "duration": 115,
          "root": false,
          "rootEmpty": false,
          "_timeout": 2000
        }
      ],
      "passes": [],
      "failures": [],
      "pending": [],
      "skipped": [],
      "duration": 0,
      "root": true,
      "rootEmpty": true,
      "_timeout": 2000
    }
  ],
  "meta": {
    "mocha": {
      "version": "7.0.1"
    },
    "mochawesome": {
      "options": {
        "quiet": false,
        "reportFilename": "mochawesome",
        "saveHtml": false,
        "saveJson": true,
        "consoleReporter": "spec",
        "useInlineDiffs": false,
        "code": true
      },
      "version": "6.2.2"
    },
    "marge": {
      "options": {
        "reportDir": "cypress/results/json",
        "overwrite": false,
        "html": false,
        "json": true
      },
      "version": "5.2.0"
    }
  }
}